AC148152.3_FG006	AC148152.3_FG006	AC148152.3_FG006	Chr2:231237971-231241387	B73.s	Mo17.s	NOTEST	0.0125804	0	-1.79769e+308	-1.79769e+308	0.32736	1	no
AC149818.2_FG005	AC149818.2_FG005	AC149818.2_FG005	Chr9:152441239-152442457	B73.s	Mo17.s	NOTEST	0.355355	0	-1.79769e+308	-1.79769e+308	0.100765	1	no
AC166636.1_FG007	AC166636.1_FG007	AC166636.1_FG007	Chr1:19972337-19973182	B73.s	Mo17.s	OK	4.27074	0	-1.79769e+308	-1.79769e+308	0.0896458	0.327168	no
AC177831.3_FG004	AC177831.3_FG004	AC177831.3_FG004	Chr2:49116208-49119186	B73.s	Mo17.s	OK	0.837396	0	-1.79769e+308	-1.79769e+308	0.105349	0.27982	no
AC186433.4_FG001	AC186433.4_FG001	AC186433.4_FG001	Chr6:86277616-86278228	B73.s	Mo17.s	NOTEST	0.0587781	0	-1.79769e+308	-1.79769e+308	0.158655	1	no
AC190623.3_FG002	AC190623.3_FG002	AC190623.3_FG002	Chr3:192039427-192042682	B73.s	Mo17.s	NOTEST	0.125611	0	-1.79769e+308	-1.79769e+308	0.102726	1	no
AC194362.3_FG003	AC194362.3_FG003	AC194362.3_FG003	Chr3:231992587-231993990	B73.s	Mo17.s	NOTEST	0.122134	0	-1.79769e+308	-1.79769e+308	0.0786496	1	no
AC195147.3_FG008	AC195147.3_FG008	AC195147.3_FG008	Chr7:168081765-168082344	B73.s	Mo17.s	OK	1.20644	0	-1.79769e+308	-1.79769e+308	0.102907	0.303103	no
AC197705.4_FG003	AC197705.4_FG003	AC197705.4_FG003	Chr8:118103123-118103722	B73.s	Mo17.s	NOTEST	1.01235	0	-1.79769e+308	-1.79769e+308	0.102726	1	no
AC204772.2_FG002	AC204772.2_FG002	AC204772.2_FG002	Chr7:143389968-143390385	B73.s	Mo17.s	NOTEST	0.133981	0	-1.79769e+308	-1.79769e+308	0.158655	1	no
AC204891.4_FG001	AC204891.4_FG001	AC204891.4_FG001	Chr4:151916440-151922481	B73.s	Mo17.s	OK	0.253427	0	-1.79769e+308	-1.79769e+308	0.100059	0.328059	no
AC205122.4_FG010	AC205122.4_FG010	AC205122.4_FG010	Chr7:2175683-2207710	B73.s	Mo17.s	OK	0.462334	0	-1.79769e+308	-1.79769e+308	0.100833	0.321193	no
AC205558.3_FG002	AC205558.3_FG002	AC205558.3_FG002	Chr1:102924931-102927689	B73.s	Mo17.s	OK	3.48299	0	-1.79769e+308	-1.79769e+308	0.103369	0.295143	no
AC208848.3_FG005	AC208848.3_FG005	AC208848.3_FG005	Chr3:110524403-110524889	B73.s	Mo17.s	NOTEST	0.0861486	0	-1.79769e+308	-1.79769e+308	0.158655	1	no
AC209819.3_FG003	AC209819.3_FG003	AC209819.3_FG003	Chr8:123004027-123007701	B73.s	Mo17.s	NOTEST	0.104386	0	-1.79769e+308	-1.79769e+308	0.0786496	1	no
AC211474.3_FG006	AC211474.3_FG006	AC211474.3_FG006	Chr8:16747526-16754983	B73.s	Mo17.s	OK	6.12413	0	-1.79769e+308	-1.79769e+308	0.0699945	0.290116	no
AC212835.3_FG002	AC212835.3_FG002	AC212835.3_FG002	Chr2:20858951-20859715	B73.s	Mo17.s	NOTEST	0.945157	0	-1.79769e+308	-1.79769e+308	0.102038	1	no
AC214743.3_FG002	AC214743.3_FG002	AC214743.3_FG002	Chr3:169538752-169540145	B73.s	Mo17.s	NOTEST	0.0759245	0	-1.79769e+308	-1.79769e+308	0.0786496	1	no
AC217050.4_FG007	AC217050.4_FG007	AC217050.4_FG007	Chr1:214886199-214892746	B73.s	Mo17.s	NOTEST	0.0849057	0	-1.79769e+308	-1.79769e+308	0.10002	1	no
AC232289.2_FG005	AC232289.2_FG005	AC232289.2_FG005	Chr3:8605533-8610311	B73.s	Mo17.s	NOTEST	0.133017	0	-1.79769e+308	-1.79769e+308	0.100194	1	no
AC233879.1_FG002	AC233879.1_FG002	AC233879.1_FG002	Chr6:140347882-140348297	B73.s	Mo17.s	OK	2.84376	0	-1.79769e+308	-1.79769e+308	0.103434	0.294821	no
AC233885.1_FG002	AC233885.1_FG002	AC233885.1_FG002	Chr5:16122765-16123711	B73.s	Mo17.s	NOTEST	0.558724	0	-1.79769e+308	-1.79769e+308	0.102726	1	no
AC233898.1_FG003	AC233898.1_FG003	AC233898.1_FG003	Chr10:10446741-10447104	B73.s	Mo17.s	NOTEST	0.355064	0	-1.79769e+308	-1.79769e+308	0.0786496	1	no
AC233955.1_FG002	AC233955.1_FG002	AC233955.1_FG002	Chr9:135309031-135311448	B73.s	Mo17.s	NOTEST	0.122975	0	-1.79769e+308	-1.79769e+308	0.10002	1	no
AC234155.1_FG003	AC234155.1_FG003	AC234155.1_FG003	Chr8:119579302-119579686	B73.s	Mo17.s	NOTEST	0.306188	0	-1.79769e+308	-1.79769e+308	0.0786496	1	no
GRMZM2G000959	GRMZM2G000959	GRMZM2G000959	Chr2:133189501-133191105	B73.s	Mo17.s	NOTEST	0.104912	0	-1.79769e+308	-1.79769e+308	0.0786496	1	no
GRMZM2G001139	GRMZM2G001139	GRMZM2G001139	Chr8:155931486-155935651	B73.s	Mo17.s	NOTEST	0.0762693	0	-1.79769e+308	-1.79769e+308	0.0793347	1	no
GRMZM2G002529	GRMZM2G002529	GRMZM2G002529	Chr6:15430788-15434129	B73.s	Mo17.s	OK	3.10646	0	-1.79769e+308	-1.79769e+308	0.0958548	0.335858	no
GRMZM2G002976	GRMZM2G002976	GRMZM2G002976	Chr10:73848303-73850077	B73.s	Mo17.s	NOTEST	0.0979665	0	-1.79769e+308	-1.79769e+308	0.0786496	1	no
GRMZM2G003059	GRMZM2G003059	GRMZM2G003059	Chr10:34927004-34928412	B73.s	Mo17.s	NOTEST	0.0441059	0	-1.79769e+308	-1.79769e+308	0.169386	1	no
GRMZM2G003246	GRMZM2G003246	GRMZM2G003246	Chr7:126535612-126537208	B73.s	Mo17.s	OK	16.4605	0	-1.79769e+308	-1.79769e+308	0.0562919	0.256671	no
GRMZM2G004483	GRMZM2G004483	GRMZM2G004483	Chr9:115763061-115765952	B73.s	Mo17.s	OK	0.489125	0	-1.79769e+308	-1.79769e+308	0.102038	0.307243	no
GRMZM2G004799	GRMZM2G004799	GRMZM2G004799	Chr3:10051789-10055394	B73.s	Mo17.s	NOTEST	0.0212325	0	-1.79769e+308	-1.79769e+308	0.158655	1	no
GRMZM2G005134	GRMZM2G005134	GRMZM2G005134	Chr10:3980742-3986963	B73.s	Mo17.s	OK	2.5681	0	-1.79769e+308	-1.79769e+308	0.0292569	0.170211	no
GRMZM2G005619	GRMZM2G005619	GRMZM2G005619	Chr8:1514588-1517912	B73.s	Mo17.s	OK	2.72745	0	-1.79769e+308	-1.79769e+308	0.0789814	0.30925	no
GRMZM2G006565	GRMZM2G006565	GRMZM2G006565	Chr2:178079686-178081285	B73.s	Mo17.s	NOTEST	0.254898	0	-1.79769e+308	-1.79769e+308	0.100765	1	no
GRMZM2G006871	GRMZM2G006871	GRMZM2G006871	Chr10:94053194-94054568	B73.s	Mo17.s	OK	0.934192	0	-1.79769e+308	-1.79769e+308	0.104596	0.281255	no
GRMZM2G007252	GRMZM2G007252	GRMZM2G007252	Chr9:122820438-122825123	B73.s	Mo17.s	OK	3.35676	0	-1.79769e+308	-1.79769e+308	0.0317748	0.180193	no
GRMZM2G008033	GRMZM2G008033	GRMZM2G008033	Chr9:6573247-6574224	B73.s	Mo17.s	NOTEST	0.141056	0	-1.79769e+308	-1.79769e+308	0.0786496	1	no
GRMZM2G008234	GRMZM2G008234	GRMZM2G008234	Chr7:3183584-3186511	B73.s	Mo17.s	OK	5.33299	0	-1.79769e+308	-1.79769e+308	0.083266	0.31807	no
GRMZM2G008482	GRMZM2G008482	GRMZM2G008482	Chr4:37101513-37103001	B73.s	Mo17.s	OK	0.985915	0	-1.79769e+308	-1.79769e+308	0.103853	0.287488	no
GRMZM2G008864	GRMZM2G008864	GRMZM2G008864	Chr2:98165214-98178847	B73.s	Mo17.s	OK	8.30113	0	-1.79769e+308	-1.79769e+308	0.069985	0.290105	no
GRMZM2G010034	GRMZM2G010034	GRMZM2G010034	Chr1:275382090-275384621	B73.s	Mo17.s	OK	10.6485	0	-1.79769e+308	-1.79769e+308	0.00983468	0.0774111	no
GRMZM2G010372	GRMZM2G010372	GRMZM2G010372	Chr4:240225658-240227771	B73.s	Mo17.s	OK	19.5077	0	-1.79769e+308	-1.79769e+308	0.0312826	0.178454	no
GRMZM2G012717	GRMZM2G012717	GRMZM2G012717	Chr6:117370661-117372555	B73.s	Mo17.s	OK	4.78788	0	-1.79769e+308	-1.79769e+308	0.072843	0.295607	no
GRMZM2G013302	GRMZM2G013302	GRMZM2G013302	Chr4:190336345-190337854	B73.s	Mo17.s	OK	0.871764	0	-1.79769e+308	-1.79769e+308	0.103932	0.285753	no
GRMZM2G013546	GRMZM2G013546	GRMZM2G013546	Chr4:17375132-17376384	B73.s	Mo17.s	OK	2.60663	0	-1.79769e+308	-1.79769e+308	0.0939034	0.332061	no
GRMZM2G015708	GRMZM2G015708	GRMZM2G015708	Chr6:3310904-3312481	B73.s	Mo17.s	OK	0.493798	0	-1.79769e+308	-1.79769e+308	0.102411	0.305166	no
GRMZM2G016598	GRMZM2G016598	GRMZM2G016598	Chr3:131213931-131214683	B73.s	Mo17.s	NOTEST	0.0775247	0	-1.79769e+308	-1.79769e+308	0.158655	1	no
GRMZM2G016915	GRMZM2G016915	GRMZM2G016915	Chr1:284507405-284508016	B73.s	Mo17.s	NOTEST	0.0899101	0	-1.79769e+308	-1.79769e+308	0.158655	1	no
GRMZM2G017237	GRMZM2G017237	GRMZM2G017237	Chr1:240379492-240383889	B73.s	Mo17.s	OK	2.646	0	-1.79769e+308	-1.79769e+308	0.00933645	0.0743247	no
GRMZM2G018849	GRMZM2G018849	GRMZM2G018849	Chr9:21336601-21337832	B73.s	Mo17.s	OK	0.723703	0	-1.79769e+308	-1.79769e+308	0.104115	0.282611	no
GRMZM2G020666	GRMZM2G020666	GRMZM2G020666	Chr9:127316862-127318722	B73.s	Mo17.s	OK	0.263726	0	-1.79769e+308	-1.79769e+308	0.101643	0.312777	no
GRMZM2G021303	GRMZM2G021303	GRMZM2G021303	Chr7:11575239-11577495	B73.s	Mo17.s	OK	0.713599	0	-1.79769e+308	-1.79769e+308	0.0993016	0.338968	no
GRMZM2G022984	GRMZM2G022984	GRMZM2G022984	Chr7:121763976-121766069	B73.s	Mo17.s	NOTEST	0.222398	0	-1.79769e+308	-1.79769e+308	0.0786496	1	no
GRMZM2G023254	GRMZM2G023254	GRMZM2G023254	Chr2:98219846-98220445	B73.s	Mo17.s	OK	5.63474	0	-1.79769e+308	-1.79769e+308	0.0906774	0.328208	no
GRMZM2G024495	GRMZM2G024495	GRMZM2G024495	Chr2:143484561-143486091	B73.s	Mo17.s	NOTEST	0.08969	0	-1.79769e+308	-1.79769e+308	0.0786496	1	no
GRMZM2G025642	GRMZM2G025642	GRMZM2G025642	Chr1:5635813-5642763	B73.s	Mo17.s	OK	1.32243	0	-1.79769e+308	-1.79769e+308	0.0664287	0.281664	no
GRMZM2G025903	GRMZM2G025903	GRMZM2G025903	Chr4:42279424-42280983	B73.s	Mo17.s	OK	0.903564	0	-1.79769e+308	-1.79769e+308	0.104	0.285144	no
GRMZM2G025954	GRMZM2G025954	GRMZM2G025954	Chr8:127775717-127777150	B73.s	Mo17.s	OK	33.922	0	-1.79769e+308	-1.79769e+308	0.0413983	0.213177	no
GRMZM2G026184	GRMZM2G026184	GRMZM2G026184	Chr9:75054537-75055015	B73.s	Mo17.s	NOTEST	0.158043	0	-1.79769e+308	-1.79769e+308	0.158655	1	no
GRMZM2G026703	GRMZM2G026703	GRMZM2G026703	Chr1:287062938-287065014	B73.s	Mo17.s	NOTEST	0.0584208	0	-1.79769e+308	-1.79769e+308	0.0786496	1	no
GRMZM2G027563	GRMZM2G027563	GRMZM2G027563	Chr7:115274894-115277443	B73.s	Mo17.s	OK	0.742196	0	-1.79769e+308	-1.79769e+308	0.0697624	0.289531	no
GRMZM2G028252	GRMZM2G028252	GRMZM2G028252	Chr3:169052806-169054452	B73.s	Mo17.s	NOTEST	0.0569514	0	-1.79769e+308	-1.79769e+308	0.168574	1	no
GRMZM2G028302	GRMZM2G028302	GRMZM2G028302	Chr1:83431959-83433879	B73.s	Mo17.s	OK	24.0753	0	-1.79769e+308	-1.79769e+308	0.033958	0.188867	no
GRMZM2G030567	GRMZM2G030567	GRMZM2G030567	Chr1:3737628-3742546	B73.s	Mo17.s	OK	0.699531	0	-1.79769e+308	-1.79769e+308	0.0389648	0.205354	no
GRMZM2G031033	GRMZM2G031033	GRMZM2G031033	Chr10:4776408-4777145	B73.s	Mo17.s	OK	1.04867	0	-1.79769e+308	-1.79769e+308	0.10369	0.289285	no
GRMZM2G031200	GRMZM2G031200	GRMZM2G031200	Chr6:164497331-164499048	B73.s	Mo17.s	OK	0.594893	0	-1.79769e+308	-1.79769e+308	0.118451	0.304387	no
GRMZM2G031721	GRMZM2G031721	GRMZM2G031721	Chr10:130307183-130310968	B73.s	Mo17.s	OK	13.067	0	-1.79769e+308	-1.79769e+308	0.0160683	0.111261	no
GRMZM2G032655	GRMZM2G032655	GRMZM2G032655	Chr2:41770988-41773444	B73.s	Mo17.s	OK	4.41509	0	-1.79769e+308	-1.79769e+308	0.0841027	0.320172	no
GRMZM2G033566	GRMZM2G033566	GRMZM2G033566	Chr9:56124743-56143613	B73.s	Mo17.s	OK	0.477316	0	-1.79769e+308	-1.79769e+308	0.10326	0.298358	no
GRMZM2G035805	GRMZM2G035805	GRMZM2G035805	Chr8:168914833-168915707	B73.s	Mo17.s	NOTEST	0.428878	0	-1.79769e+308	-1.79769e+308	0.101643	1	no
GRMZM2G035994	GRMZM2G035994	GRMZM2G035994	Chr3:203893425-203895144	B73.s	Mo17.s	OK	0.82982	0	-1.79769e+308	-1.79769e+308	0.104106	0.28279	no
GRMZM2G036484	GRMZM2G036484	GRMZM2G036484	Chr1:74279344-74280060	B73.s	Mo17.s	NOTEST	0.679413	0	-1.79769e+308	-1.79769e+308	0.102038	1	no
GRMZM2G036547	GRMZM2G036547	GRMZM2G036547	Chr2:180569464-180570775	B73.s	Mo17.s	NOTEST	0.103608	0	-1.79769e+308	-1.79769e+308	0.0786496	1	no
GRMZM2G037778	GRMZM2G037778	GRMZM2G037778	Chr6:14029761-14031462	B73.s	Mo17.s	NOTEST	0.0263898	0	-1.79769e+308	-1.79769e+308	0.166999	1	no
GRMZM2G038057	GRMZM2G038057	GRMZM2G038057	Chr6:148355697-148356195	B73.s	Mo17.s	NOTEST	0.104643	0	-1.79769e+308	-1.79769e+308	0.158655	1	no
GRMZM2G038490	GRMZM2G038490	GRMZM2G038490	Chr7:176522990-176524295	B73.s	Mo17.s	OK	1.27844	0	-1.79769e+308	-1.79769e+308	0.103591	0.291212	no
GRMZM2G038497	GRMZM2G038497	GRMZM2G038497	Chr5:168857807-168858799	B73.s	Mo17.s	OK	1.86639	0	-1.79769e+308	-1.79769e+308	0.104106	0.282753	no
GRMZM2G039036	GRMZM2G039036	GRMZM2G039036	Chr7:121978478-121979315	B73.s	Mo17.s	OK	0.990197	0	-1.79769e+308	-1.79769e+308	0.103932	0.286172	no
GRMZM2G039443	GRMZM2G039443	GRMZM2G039443	Chr5:139978814-139982635	B73.s	Mo17.s	OK	9.59625	0	-1.79769e+308	-1.79769e+308	0.00171649	0.0200318	yes
GRMZM2G039948	GRMZM2G039948	GRMZM2G039948	Chr5:152149622-152150451	B73.s	Mo17.s	OK	1.5395	0	-1.79769e+308	-1.79769e+308	0.0997454	0.333945	no
GRMZM2G040364	GRMZM2G040364	GRMZM2G040364	Chr6:126090422-126090980	B73.s	Mo17.s	NOTEST	0.188316	0	-1.79769e+308	-1.79769e+308	0.0786496	1	no
GRMZM2G041961	GRMZM2G041961	GRMZM2G041961	Chr6:142402197-142405405	B73.s	Mo17.s	NOTEST	0.173704	0	-1.79769e+308	-1.79769e+308	0.10002	1	no
GRMZM2G042421	GRMZM2G042421	GRMZM2G042421	Chr3:217554217-217555145	B73.s	Mo17.s	OK	1.08772	0	-1.79769e+308	-1.79769e+308	0.103316	0.295708	no
GRMZM2G043027	GRMZM2G043027	GRMZM2G043027	Chr2:6452399-6453269	B73.s	Mo17.s	OK	0.69598	0	-1.79769e+308	-1.79769e+308	0.101749	0.311295	no
GRMZM2G043301	GRMZM2G043301	GRMZM2G043301	Chr7:2594084-2596624	B73.s	Mo17.s	OK	0.7887	0	-1.79769e+308	-1.79769e+308	0.1036	0.290662	no
GRMZM2G045109	GRMZM2G045109	GRMZM2G045109	Chr9:67071378-67075188	B73.s	Mo17.s	OK	0.649118	0	-1.79769e+308	-1.79769e+308	0.103316	0.295831	no
GRMZM2G045278	GRMZM2G045278	GRMZM2G045278	Chr8:168019889-168021111	B73.s	Mo17.s	NOTEST	0.179409	0	-1.79769e+308	-1.79769e+308	0.100194	1	no
GRMZM2G045834	GRMZM2G045834	GRMZM2G045834	Chr7:28356605-28361127	B73.s	Mo17.s	NOTEST	0.0336218	0	-1.79769e+308	-1.79769e+308	0.161826	1	no
GRMZM2G045883	GRMZM2G045883	GRMZM2G045883	Chr5:208895709-208901046	B73.s	Mo17.s	OK	4.90569	0	-1.79769e+308	-1.79769e+308	0.0824879	0.316649	no
GRMZM2G045977	GRMZM2G045977	GRMZM2G045977	Chr5:196141331-196142725	B73.s	Mo17.s	OK	2.22115	0	-1.79769e+308	-1.79769e+308	0.037157	0.199386	no
GRMZM2G047105	GRMZM2G047105	GRMZM2G047105	Chr9:43122693-43125766	B73.s	Mo17.s	OK	0.995115	0	-1.79769e+308	-1.79769e+308	0.0623464	0.272059	no
GRMZM2G047129	GRMZM2G047129	GRMZM2G047129	Chr3:213800452-213804523	B73.s	Mo17.s	OK	1.9481	0	-1.79769e+308	-1.79769e+308	0.0376111	0.200884	no
GRMZM2G047720	GRMZM2G047720	GRMZM2G047720	Chr6:117103986-117105456	B73.s	Mo17.s	OK	123.113	0	-1.79769e+308	-1.79769e+308	0.0884691	0.326974	no
GRMZM2G048313	GRMZM2G048313	GRMZM2G048313	Chr6:1373158-1374087	B73.s	Mo17.s	OK	61.2263	0	-1.79769e+308	-1.79769e+308	0.0516032	0.244407	no
GRMZM2G048553	GRMZM2G048553	GRMZM2G048553	Chr7:52674838-52679426	B73.s	Mo17.s	OK	1.13794	0	-1.79769e+308	-1.79769e+308	0.0469053	0.230724	no
GRMZM2G048635	GRMZM2G048635	GRMZM2G048635	Chr4:4053466-4057014	B73.s	Mo17.s	NOTEST	0.0604903	0	-1.79769e+308	-1.79769e+308	0.0786496	1	no
GRMZM2G049021	GRMZM2G049021	GRMZM2G049021	Chr5:133618125-133626411	B73.s	Mo17.s	OK	27.4985	0	-1.79769e+308	-1.79769e+308	0.0301475	0.1739	no
GRMZM2G050364	GRMZM2G050364	GRMZM2G050364	Chr8:79126284-79128191	B73.s	Mo17.s	NOTEST	0.112906	0	-1.79769e+308	-1.79769e+308	0.10002	1	no
